\BOOKMARK [1][-]{section.1}{\376\377\000S\000u\000m\000m\000a\000r\000y\000\040\000o\000f\000\040\000t\000h\000e\000\040\000r\000e\000s\000e\000a\000r\000c\000h}{}% 1
\BOOKMARK [1][-]{section.2}{\376\377\000I\000n\000t\000r\000o\000d\000u\000c\000t\000i\000o\000n}{}% 2
\BOOKMARK [2][-]{subsection.2.1}{\376\377\000S\000t\000o\000c\000k\000\040\000p\000r\000i\000c\000e\000\040\000p\000r\000e\000d\000i\000c\000t\000i\000o\000n\000\040\000a\000n\000d\000\040\000i\000t\000s\000\040\000s\000i\000g\000n\000i\000f\000i\000c\000a\000n\000c\000e}{section.2}% 3
\BOOKMARK [2][-]{subsection.2.2}{\376\377\000B\000a\000c\000k\000g\000r\000o\000u\000n\000d\000\040\000i\000n\000f\000o\000r\000m\000a\000t\000i\000o\000n\000\040\000o\000n\000\040\000t\000h\000e\000\040\000s\000t\000o\000c\000k\000\040\000m\000a\000r\000k\000e\000t}{section.2}% 4
\BOOKMARK [2][-]{subsection.2.3}{\376\377\000C\000o\000n\000v\000e\000n\000t\000i\000o\000n\000a\000l\000\040\000a\000n\000d\000\040\000m\000a\000c\000h\000i\000n\000e\000\040\000l\000e\000a\000r\000n\000i\000n\000g\000\040\000t\000e\000c\000h\000n\000i\000q\000u\000e\000s\000\040\000i\000n\000\040\000s\000t\000o\000c\000k\000\040\000p\000r\000i\000c\000e\000\040\000p\000r\000e\000d\000i\000c\000t\000i\000o\000n}{section.2}% 5
\BOOKMARK [2][-]{subsection.2.4}{\376\377\000A\000p\000p\000l\000e\000\040\000I\000n\000c\000o\000r\000p\000o\000r\000a\000t\000e\000d\000\040\000\050\000A\000p\000p\000l\000e\000\040\000I\000n\000c\000.\000\051}{section.2}% 6
\BOOKMARK [1][-]{section.3}{\376\377\000L\000i\000t\000e\000r\000a\000t\000u\000r\000e\000\040\000r\000e\000v\000i\000e\000w}{}% 7
\BOOKMARK [2][-]{subsection.3.1}{\376\377\000O\000v\000e\000r\000v\000i\000e\000w\000\040\000o\000f\000\040\000r\000e\000l\000a\000t\000e\000d\000\040\000w\000o\000r\000k\000s\000\040\000o\000n\000\040\000s\000t\000o\000c\000k\000\040\000p\000r\000i\000c\000e\000\040\000p\000r\000e\000d\000i\000c\000t\000i\000o\000n\000\040\000u\000s\000i\000n\000g\000\040\000m\000a\000c\000h\000i\000n\000e\000\040\000l\000e\000a\000r\000n\000i\000n\000g\000\040\000t\000e\000c\000h\000n\000i\000q\000u\000e\000s}{section.3}% 8
\BOOKMARK [2][-]{subsection.3.2}{\376\377\000R\000e\000s\000e\000a\000r\000c\000h\000\040\000g\000a\000p\000s\000\040\000a\000n\000d\000\040\000M\000o\000t\000i\000v\000a\000t\000i\000o\000n}{section.3}% 9
\BOOKMARK [1][-]{section.4}{\376\377\000D\000a\000t\000a\000\040\000P\000r\000e\000p\000r\000o\000c\000e\000s\000s\000i\000n\000g}{}% 10
\BOOKMARK [2][-]{subsection.4.1}{\376\377\000D\000a\000t\000a\000\040\000c\000o\000l\000l\000e\000c\000t\000i\000o\000n\000\040\000p\000r\000o\000c\000e\000s\000s}{section.4}% 11
\BOOKMARK [2][-]{subsection.4.2}{\376\377\000E\000x\000p\000l\000a\000n\000a\000t\000o\000r\000y\000\040\000D\000a\000t\000a\000\040\000A\000n\000a\000l\000y\000s\000i\000s}{section.4}% 12
\BOOKMARK [2][-]{subsection.4.3}{\376\377\000D\000a\000t\000a\000\040\000N\000o\000r\000m\000a\000l\000i\000z\000a\000t\000i\000o\000n}{section.4}% 13
\BOOKMARK [2][-]{subsection.4.4}{\376\377\000S\000l\000i\000d\000i\000n\000g\000\040\000W\000i\000n\000d\000o\000w\000\040\000m\000e\000t\000h\000o\000d}{section.4}% 14
\BOOKMARK [1][-]{section.5}{\376\377\000M\000o\000d\000e\000l\000\040\000D\000e\000v\000e\000l\000o\000p\000m\000e\000n\000t}{}% 15
\BOOKMARK [2][-]{subsection.5.1}{\376\377\000B\000i\000L\000S\000T\000M\000\040\000m\000o\000d\000e\000l\000\040\000f\000o\000r\000\040\000s\000t\000o\000c\000k\000\040\000p\000r\000i\000c\000e\000\040\000p\000r\000e\000d\000i\000c\000t\000i\000o\000n}{section.5}% 16
\BOOKMARK [2][-]{subsection.5.2}{\376\377\000A\000c\000t\000i\000v\000a\000t\000i\000o\000n\000\040\000f\000u\000n\000c\000t\000i\000o\000n\000s}{section.5}% 17
\BOOKMARK [3][-]{subsubsection.5.2.1}{\376\377\000S\000i\000g\000m\000o\000i\000d\000\040\000a\000c\000t\000i\000v\000a\000t\000i\000o\000n\000\040\000f\000u\000n\000c\000t\000i\000o\000n}{subsection.5.2}% 18
\BOOKMARK [3][-]{subsubsection.5.2.2}{\376\377\000H\000y\000p\000e\000r\000b\000o\000l\000i\000c\000\040\000t\000a\000n\000g\000e\000n\000t\000\040\000\050\000T\000a\000n\000h\000\051\000\040\000a\000c\000t\000i\000v\000a\000t\000i\000o\000n\000\040\000f\000u\000n\000c\000t\000i\000o\000n}{subsection.5.2}% 19
\BOOKMARK [3][-]{subsubsection.5.2.3}{\376\377\000R\000e\000L\000U\000\040\000a\000c\000t\000i\000v\000a\000t\000i\000o\000n\000\040\000f\000u\000n\000c\000t\000i\000o\000n}{subsection.5.2}% 20
\BOOKMARK [2][-]{subsection.5.3}{\376\377\000V\000a\000n\000i\000s\000h\000i\000n\000g\000\040\000G\000r\000a\000d\000i\000e\000n\000t}{section.5}% 21
\BOOKMARK [2][-]{subsection.5.4}{\376\377\000L\000S\000T\000M\000\040\000A\000r\000c\000h\000i\000t\000e\000c\000t\000u\000r\000e}{section.5}% 22
\BOOKMARK [2][-]{subsection.5.5}{\376\377\000B\000i\000d\000i\000r\000e\000c\000t\000i\000o\000n\000a\000l\000\040\000L\000S\000T\000M}{section.5}% 23
\BOOKMARK [2][-]{subsection.5.6}{\376\377\000E\000x\000p\000e\000r\000i\000m\000e\000n\000t}{section.5}% 24
\BOOKMARK [3][-]{subsubsection.5.6.1}{\376\377\000G\000l\000o\000r\000o\000t\000\040\000U\000n\000i\000f\000o\000r\000m\000\040\000I\000n\000i\000t\000i\000a\000l\000i\000z\000a\000t\000i\000o\000n}{subsection.5.6}% 25
\BOOKMARK [3][-]{subsubsection.5.6.2}{\376\377\000A\000d\000a\000p\000t\000i\000v\000e\000\040\000M\000o\000m\000e\000n\000t\000\040\000E\000s\000t\000i\000m\000a\000t\000i\000o\000n\000\040\000\050\000A\000d\000a\000m\000\051\000\040\000O\000p\000t\000i\000m\000i\000z\000a\000t\000i\000o\000n}{subsection.5.6}% 26
\BOOKMARK [3][-]{subsubsection.5.6.3}{\376\377\000T\000r\000a\000i\000n\000i\000n\000g\000\040\000P\000r\000o\000c\000e\000s\000s}{subsection.5.6}% 27
\BOOKMARK [1][-]{section.6}{\376\377\000M\000o\000d\000e\000l\000\040\000e\000v\000a\000l\000u\000a\000t\000i\000o\000n}{}% 28
\BOOKMARK [2][-]{subsection.6.1}{\376\377\000P\000e\000r\000f\000o\000r\000m\000a\000n\000c\000e\000\040\000m\000e\000t\000r\000i\000c\000s}{section.6}% 29
\BOOKMARK [3][-]{subsubsection.6.1.1}{\376\377\000M\000e\000a\000n\000\040\000A\000b\000s\000o\000l\000u\000t\000e\000\040\000E\000r\000r\000o\000r\000,\000\040\000M\000e\000a\000n\000\040\000A\000b\000s\000o\000l\000u\000t\000e\000\040\000P\000e\000r\000c\000e\000n\000t\000a\000g\000e\000\040\000E\000r\000r\000o\000r\000\040\000a\000n\000d\000\040\000M\000e\000a\000n\000\040\000P\000e\000r\000c\000e\000n\000t\000a\000g\000e\000\040\000E\000r\000r\000o\000r}{subsection.6.1}% 30
\BOOKMARK [3][-]{subsubsection.6.1.2}{\376\377\000M\000e\000a\000n\000\040\000S\000q\000u\000a\000r\000e\000d\000\040\000E\000r\000r\000o\000r\000\040\000a\000n\000d\000\040\000R\000o\000o\000t\000\040\000M\000e\000a\000n\000\040\000S\000q\000u\000a\000r\000e\000d\000\040\000E\000r\000r\000o\000r}{subsection.6.1}% 31
\BOOKMARK [3][-]{subsubsection.6.1.3}{\376\377\000R\0002\000\040\000s\000c\000o\000r\000e}{subsection.6.1}% 32
\BOOKMARK [2][-]{subsection.6.2}{\376\377\000E\000x\000p\000e\000r\000i\000m\000e\000n\000t\000a\000l\000\040\000r\000e\000s\000u\000l\000t\000s\000\040\000a\000n\000d\000\040\000D\000i\000s\000c\000u\000s\000s\000i\000o\000n}{section.6}% 33
\BOOKMARK [1][-]{section.7}{\376\377\000L\000i\000m\000i\000t\000a\000t\000i\000o\000n\000s}{}% 34
\BOOKMARK [2][-]{subsection.7.1}{\376\377\000S\000e\000q\000u\000e\000n\000t\000i\000a\000l\000\040\000C\000o\000m\000p\000u\000t\000a\000t\000i\000o\000n}{section.7}% 35
\BOOKMARK [2][-]{subsection.7.2}{\376\377\000E\000x\000p\000l\000a\000i\000n\000a\000b\000i\000l\000i\000t\000y\000\040\000i\000n\000\040\000A\000r\000t\000i\000f\000i\000c\000i\000a\000l\000\040\000I\000n\000t\000e\000l\000l\000i\000g\000e\000n\000c\000e\000\040\000\050\000A\000I\000\051}{section.7}% 36
\BOOKMARK [1][-]{section.8}{\376\377\000C\000o\000n\000c\000l\000u\000s\000i\000o\000n\000s}{}% 37
